  glm.cpp
  MeshLoader.cpp
D:\RIKY\ComputerGraphics\A10\headers\tiny_gltf.h(3039,17): warning C4018: '>=': errata corrispondenza tra signed e unsigned
D:\RIKY\ComputerGraphics\A10\headers\tiny_gltf.h(3134,17): warning C4018: '>=': errata corrispondenza tra signed e unsigned
D:\RIKY\ComputerGraphics\A10\headers\tiny_gltf.h(5176,45): warning C4267: 'argomento': conversione da 'size_t' a 'int'. Possibile perdita di dati.
D:\RIKY\ComputerGraphics\A10\headers\tiny_gltf.h(5205,60): warning C4267: 'argomento': conversione da 'size_t' a 'int'. Possibile perdita di dati.
D:\RIKY\ComputerGraphics\A10\headers\tiny_gltf.h(5393,49): warning C4267: 'argomento': conversione da 'size_t' a 'int'. Possibile perdita di dati.
D:\Users\D4RKR\Documents\GitHub\ComputerGraphics\Starter.hpp(332,31): warning C4099: 'VertexDescriptor': il nome del tipo che in precedenza utilizzava 'struct' ora utilizza 'class'
D:\Users\D4RKR\Documents\GitHub\ComputerGraphics\Starter.hpp(187): message : vedere la dichiarazione di 'VertexDescriptor'
D:\Users\D4RKR\Documents\GitHub\ComputerGraphics\Starter.hpp(334,22): warning C4099: 'Texture': il nome del tipo che in precedenza utilizzava 'struct' ora utilizza 'class'
D:\Users\D4RKR\Documents\GitHub\ComputerGraphics\Starter.hpp(233): message : vedere la dichiarazione di 'Texture'
D:\Users\D4RKR\Documents\GitHub\ComputerGraphics\Starter.hpp(335,23): warning C4099: 'Pipeline': il nome del tipo che in precedenza utilizzava 'struct' ora utilizza 'class'
D:\Users\D4RKR\Documents\GitHub\ComputerGraphics\Starter.hpp(275): message : vedere la dichiarazione di 'Pipeline'
D:\Users\D4RKR\Documents\GitHub\ComputerGraphics\Starter.hpp(336,34): warning C4099: 'DescriptorSetLayout': il nome del tipo che in precedenza utilizzava 'struct' ora utilizza 'class'
D:\Users\D4RKR\Documents\GitHub\ComputerGraphics\Starter.hpp(267): message : vedere la dichiarazione di 'DescriptorSetLayout'
D:\Users\D4RKR\Documents\GitHub\ComputerGraphics\Starter.hpp(337,28): warning C4099: 'DescriptorSet': il nome del tipo che in precedenza utilizzava 'struct' ora utilizza 'class'
D:\Users\D4RKR\Documents\GitHub\ComputerGraphics\Starter.hpp(313): message : vedere la dichiarazione di 'DescriptorSet'
D:\Users\D4RKR\Documents\GitHub\ComputerGraphics\Starter.hpp(1555,1): warning C4267: 'argomento': conversione da 'size_t' a 'int'. Possibile perdita di dati.
D:\Users\D4RKR\Documents\GitHub\ComputerGraphics\Starter.hpp(1818,16): warning C4244: '=': conversione da 'double' a 'T'. Possibile perdita di dati.
          with
          [
              T=float
          ]
D:\Users\D4RKR\Documents\GitHub\ComputerGraphics\Starter.hpp(1819,16): warning C4244: '=': conversione da 'double' a 'T'. Possibile perdita di dati.
          with
          [
              T=float
          ]
D:\Users\D4RKR\Documents\GitHub\ComputerGraphics\Starter.hpp(1860,1): warning C4554: '|': controllare eventuali errori di precedenza tra gli operatori. Per maggiore chiarezza, usare le parentesi
D:\Users\D4RKR\Documents\GitHub\ComputerGraphics\Starter.hpp(2667,48): warning C4267: '=': conversione da 'size_t' a 'uint32_t'. Possibile perdita di dati.
D:\Users\D4RKR\Documents\GitHub\ComputerGraphics\Starter.hpp(2074,1): warning C4267: 'argomento': conversione da 'size_t' a '_Ty'. Possibile perdita di dati.
          with
          [
              _Ty=unsigned int
          ]
D:\Users\D4RKR\Documents\GitHub\ComputerGraphics\Starter.hpp(2015): message : durante la compilazione della funzione membro 'void Model<Vertex>::loadModelOBJ(std::string)' di modello classe
D:\Users\D4RKR\Documents\GitHub\ComputerGraphics\Starter.hpp(2329): message : vedere il riferimento all'istanza 'void Model<Vertex>::loadModelOBJ(std::string)' della funzione modello di cui è in corso la compilazione
D:\Users\D4RKR\Documents\GitHub\ComputerGraphics\Starter.hpp(2325): message : durante la compilazione della funzione membro 'void Model<Vertex>::init(BaseProject *,VertexDescriptor *,std::string,ModelType)' di modello classe
D:\Users\D4RKR\Documents\GitHub\ComputerGraphics\MeshLoader.cpp(144): message : vedere il riferimento all'istanza 'void Model<Vertex>::init(BaseProject *,VertexDescriptor *,std::string,ModelType)' della funzione modello di cui è in corso la compilazione
D:\Users\D4RKR\Documents\GitHub\ComputerGraphics\MeshLoader.cpp(48): message : vedere il riferimento all'istanza 'Model<Vertex>' di modello classe di cui è in corso la compilazione
D:\Users\D4RKR\Documents\GitHub\ComputerGraphics\Starter.hpp(2102,1): warning C4267: 'argomento': conversione da 'size_t' a 'const unsigned long'. Possibile perdita di dati.
D:\Users\D4RKR\Documents\GitHub\ComputerGraphics\Starter.hpp(2083): message : durante la compilazione della funzione membro 'void Model<Vertex>::loadModelGLTF(std::string,bool)' di modello classe
D:\Users\D4RKR\Documents\GitHub\ComputerGraphics\Starter.hpp(2331): message : vedere il riferimento all'istanza 'void Model<Vertex>::loadModelGLTF(std::string,bool)' della funzione modello di cui è in corso la compilazione
D:\Users\D4RKR\Documents\GitHub\ComputerGraphics\Starter.hpp(2114,1): warning C4267: 'argomento': conversione da 'size_t' a 'int'. Possibile perdita di dati.
D:\Users\D4RKR\Documents\GitHub\ComputerGraphics\Starter.hpp(2156,1): warning C4267: '=': conversione da 'size_t' a 'int'. Possibile perdita di dati.
D:\Users\D4RKR\Documents\GitHub\ComputerGraphics\Starter.hpp(2170,1): warning C4267: '=': conversione da 'size_t' a 'int'. Possibile perdita di dati.
D:\Users\D4RKR\Documents\GitHub\ComputerGraphics\Starter.hpp(2184,1): warning C4267: '=': conversione da 'size_t' a 'int'. Possibile perdita di dati.
D:\Users\D4RKR\Documents\GitHub\ComputerGraphics\Starter.hpp(2198,1): warning C4267: '=': conversione da 'size_t' a 'int'. Possibile perdita di dati.
  Generazione del codice in corso...
LINK : warning LNK4098: la libreria predefinita 'MSVCRT' è in conflitto con l'utilizzo di altre librerie; usare /NODEFAULTLIB:libreria
  ComputerGraphics.vcxproj -> D:\Users\D4RKR\Documents\GitHub\ComputerGraphics\x64\Debug\ComputerGraphics.exe
